{
  "RSpec": {
    "coverage": {
      "/Users/paulayling/Makers_Academy/Week_Projects/bookmark_manager_chloe/bookmark_manager-1/spec/bookmark_spec.rb": [
        1,
        1,
        null,
        1,
        1,
        1,
        1,
        1,
        1,
        1,
        1,
        1,
        null,
        null,
        null,
        1,
        1,
        1,
        1,
        1,
        1,
        1,
        null,
        null,
        null,
        1,
        1,
        1,
        1,
        1,
        1,
        1,
        1,
        null,
        null,
        null
      ],
      "/Users/paulayling/Makers_Academy/Week_Projects/bookmark_manager_chloe/bookmark_manager-1/spec/features/bookmarks_page_spec.rb": [
        1,
        null,
        1,
        1,
        1,
        1,
        1,
        null,
        null,
        1,
        1,
        1,
        1,
        1,
        1,
        1,
        1,
        null,
        null,
        null,
        1,
        1,
        1,
        1,
        1,
        1,
        1,
        1,
        null,
        null
      ],
      "/Users/paulayling/Makers_Academy/Week_Projects/bookmark_manager_chloe/bookmark_manager-1/spec/features/index_page_spec.rb": [
        1,
        1,
        1,
        1,
        1,
        null,
        null,
        1,
        1,
        1,
        1,
        null,
        null
      ]
    },
    "timestamp": 1548946950
  }
}
